<?xml version="1.0" encoding="UTF-8"?>
<testng-results ignored="0" total="1" passed="1" failed="0" skipped="0">
  <reporter-output>
  </reporter-output>
  <suite started-at="2022-11-08T22:17:04 IST" name="Default suite" finished-at="2022-11-08T22:17:23 IST" duration-ms="19288">
    <groups>
    </groups>
    <test started-at="2022-11-08T22:17:04 IST" name="Default test" finished-at="2022-11-08T22:17:23 IST" duration-ms="19288">
      <class name="testCases.ThirdTestngScript">
        <test-method is-config="true" signature="LaunchFb()[pri:0, instance:testCases.ThirdTestngScript@778d1062]" started-at="2022-11-08T22:17:04 IST" name="LaunchFb" finished-at="2022-11-08T22:17:07 IST" duration-ms="2913" status="PASS">
          <reporter-output>
          </reporter-output>
        </test-method> <!-- LaunchFb -->
        <test-method signature="Login()[pri:0, instance:testCases.ThirdTestngScript@778d1062]" started-at="2022-11-08T22:17:07 IST" name="Login" finished-at="2022-11-08T22:17:07 IST" duration-ms="239" status="PASS">
          <reporter-output>
          </reporter-output>
        </test-method> <!-- Login -->
        <test-method is-config="true" signature="CloseFb()[pri:0, instance:testCases.ThirdTestngScript@778d1062]" started-at="2022-11-08T22:17:07 IST" name="CloseFb" finished-at="2022-11-08T22:17:23 IST" duration-ms="16098" status="PASS">
          <reporter-output>
          </reporter-output>
        </test-method> <!-- CloseFb -->
      </class> <!-- testCases.ThirdTestngScript -->
    </test> <!-- Default test -->
  </suite> <!-- Default suite -->
</testng-results>
