<?xml version="1.0" encoding="UTF-8"?>
<!-- Generated by org.testng.reporters.JUnitXMLReporter -->
<testsuite ignored="0" hostname="LAPTOP-FI73UU61" failures="0" tests="3" name="Test" time="0.047" errors="0" timestamp="2022-11-08T22:00:43 IST">
  <testcase classname="testCases.FirstTestngScript" name="printName" time="0.004"/>
  <testcase classname="testCases.FirstTestngScript" name="printName1" time="0.0"/>
  <testcase classname="testCases.SecondTestngScript" name="printName" time="0.001"/>
</testsuite> <!-- Test -->
